<?xml version="1.0" encoding="UTF-8"?>
<!-- Generated by org.testng.reporters.JUnitXMLReporter -->
<testsuite hostname="prb-home" name="Test" tests="10" failures="5" timestamp="10 Nov 2016 20:41:45 GMT" time="40.813" errors="0">
  <testcase name="testCountSocialIcons" time="0.099" classname="com.test.HomePageTest"/>
  <testcase name="testLoginLink" time="1.545" classname="com.test.HomePageTest"/>
  <testcase name="testactions" time="10.11" classname="com.test.HomePageTest"/>
  <testcase name="testisLogoPresent" time="0.001" classname="com.test.HomePageTest">
    <failure type="java.lang.NullPointerException">
      <![CDATA[java.lang.NullPointerException
	at com.page.HomePage.isLogoPresent(HomePage.java:64)
	at com.test.HomePageTest.testisLogoPresent(HomePageTest.java:36)
... Removed 24 stack frames]]>
    </failure>
  </testcase> <!-- testisLogoPresent -->
  <testcase name="testnavbar" time="0.002" classname="com.test.HomePageTest">
    <failure type="java.lang.IllegalArgumentException" message="Cannot find elements when the selector is null">
      <![CDATA[java.lang.IllegalArgumentException: Cannot find elements when the selector is null
	at org.openqa.selenium.By.cssSelector(By.java:145)
	at com.util.Locators.get(Locators.java:91)
	at com.util.PageDriver.findElements(PageDriver.java:81)
	at com.page.HomePage.navbar(HomePage.java:56)
	at com.test.HomePageTest.testnavbar(HomePageTest.java:31)
... Removed 24 stack frames]]>
    </failure>
  </testcase> <!-- testnavbar -->
  <testcase name="testoptions" time="12.557" classname="com.test.HomePageTest"/>
  <testcase name="testscreenShot" time="14.009" classname="com.test.HomePageTest"/>
  <testcase name="performLogin" time="0.001" classname="com.test.LoginPageTest">
    <failure type="java.lang.NullPointerException">
      <![CDATA[java.lang.NullPointerException
	at com.page.LoginPage.performLogin(LoginPage.java:35)
	at com.test.LoginPageTest.performLogin(LoginPageTest.java:30)
... Removed 24 stack frames]]>
    </failure>
  </testcase> <!-- performLogin -->
  <testcase name="performLogin" time="0.001" classname="com.test.LoginPageTest">
    <failure type="java.lang.NullPointerException">
      <![CDATA[java.lang.NullPointerException
	at com.page.LoginPage.performLogin(LoginPage.java:35)
	at com.test.LoginPageTest.performLogin(LoginPageTest.java:30)
... Removed 24 stack frames]]>
    </failure>
  </testcase> <!-- performLogin -->
  <testcase name="performLogin" time="0.001" classname="com.test.LoginPageTest">
    <failure type="java.lang.NullPointerException">
      <![CDATA[java.lang.NullPointerException
	at com.page.LoginPage.performLogin(LoginPage.java:35)
	at com.test.LoginPageTest.performLogin(LoginPageTest.java:30)
... Removed 24 stack frames]]>
    </failure>
  </testcase> <!-- performLogin -->
</testsuite> <!-- Test -->
