<?xml version="1.0" encoding="UTF-8"?>
<!-- Generated by org.testng.reporters.JUnitXMLReporter -->
<testsuite hostname="prb-home" name="Test1" tests="2" failures="2" timestamp="3 Nov 2016 23:17:27 GMT" time="0.034" errors="0">
  <testcase name="testCountSocialIcons" time="0.007" classname="com.test.HomePageTest">
    <failure type="java.lang.NullPointerException">
      <![CDATA[java.lang.NullPointerException
	at com.page.HomePage.countSocialIcons(HomePage.java:33)
	at com.test.HomePageTest.testCountSocialIcons(HomePageTest.java:25)
... Removed 25 stack frames]]>
    </failure>
  </testcase> <!-- testCountSocialIcons -->
  <testcase name="testLoginLink" time="0.002" classname="com.test.HomePageTest">
    <failure type="java.lang.NullPointerException">
      <![CDATA[java.lang.NullPointerException
	at com.page.HomePage.clickLogin(HomePage.java:43)
	at com.test.HomePageTest.testLoginLink(HomePageTest.java:32)
... Removed 25 stack frames]]>
    </failure>
  </testcase> <!-- testLoginLink -->
</testsuite> <!-- Test1 -->
